Build started 23/03/2015 8:31:09 PM.
     1>Project "C:\Github\Letter_Build\Letter_Build\Letter\Letter\Letter.vcxproj" on node 2 (Build target(s)).
     1>ClCompile:
         C:\Program Files (x86)\Microsoft Visual Studio 11.0\VC\bin\CL.exe /c /ZI /nologo /W3 /WX- /Od /Oy- /D _MBCS /Gm /EHsc /RTC1 /MD /GS /fp:precise /Zc:wchar_t /Zc:forScope /Fo"Debug\\" /Fd"Debug\vc110.pdb" /Gd /TP /analyze- /errorReport:prompt main.cpp
         main.cpp
     1>c:\github\letter_build\letter_build\letter\letter\main.cpp(1): warning C4067: unexpected tokens following preprocessor directive - expected a newline
     1>c:\github\letter_build\letter_build\letter\letter\main.cpp(94): warning C4305: 'argument' : truncation from 'double' to 'float'
     1>c:\github\letter_build\letter_build\letter\letter\main.cpp(95): warning C4305: 'argument' : truncation from 'double' to 'float'
     1>c:\github\letter_build\letter_build\letter\letter\main.cpp(96): warning C4305: 'argument' : truncation from 'double' to 'float'
     1>c:\github\letter_build\letter_build\letter\letter\main.cpp(100): warning C4305: 'argument' : truncation from 'double' to 'float'
     1>c:\github\letter_build\letter_build\letter\letter\main.cpp(116): warning C4305: '=' : truncation from 'double' to 'float'
     1>c:\github\letter_build\letter_build\letter\letter\main.cpp(118): warning C4305: '=' : truncation from 'double' to 'float'
     1>c:\github\letter_build\letter_build\letter\letter\main.cpp(120): warning C4305: '=' : truncation from 'double' to 'float'
     1>c:\github\letter_build\letter_build\letter\letter\main.cpp(122): warning C4305: '=' : truncation from 'double' to 'float'
     1>c:\github\letter_build\letter_build\letter\letter\main.cpp(124): warning C4244: 'argument' : conversion from 'double' to 'float', possible loss of data
     1>c:\github\letter_build\letter_build\letter\letter\main.cpp(127): warning C4244: 'argument' : conversion from 'double' to 'float', possible loss of data
       Link:
         C:\Program Files (x86)\Microsoft Visual Studio 11.0\VC\bin\link.exe /ERRORREPORT:PROMPT /OUT:"C:\Github\Letter_Build\Letter_Build\Letter\Debug\Letter.exe" /INCREMENTAL /NOLOGO opengl32.lib kernel32.lib user32.lib gdi32.lib winspool.lib comdlg32.lib advapi32.lib shell32.lib ole32.lib oleaut32.lib uuid.lib odbc32.lib odbccp32.lib /MANIFEST /MANIFESTUAC:"level='asInvoker' uiAccess='false'" /manifest:embed /DEBUG /PDB:"C:\Github\Letter_Build\Letter_Build\Letter\Debug\Letter.pdb" /SUBSYSTEM:CONSOLE /TLBID:1 /DYNAMICBASE /NXCOMPAT /IMPLIB:"C:\Github\Letter_Build\Letter_Build\Letter\Debug\Letter.lib" /MACHINE:X86 Debug\Letter.res
         Debug\drawing.obj
         Debug\errorHandler.obj
         Debug\IOManager.obj
         Debug\main.obj
         Debug\picoPNG.obj
         ..\lib\glew32.lib
         ..\lib\SDL2.lib
         ..\lib\SDL2main.lib
         Letter.vcxproj -> C:\Github\Letter_Build\Letter_Build\Letter\Debug\Letter.exe
     1>Done Building Project "C:\Github\Letter_Build\Letter_Build\Letter\Letter\Letter.vcxproj" (Build target(s)).

Build succeeded.

Time Elapsed 00:00:01.70
