C:\GITHUB\LETTER_BUILD\LETTER_BUILD\LETTER\LETTER\DEBUG\DRAWING.OBJ
C:\GITHUB\LETTER_BUILD\LETTER_BUILD\LETTER\LETTER\DEBUG\MAIN.OBJ
C:\GITHUB\LETTER_BUILD\LETTER_BUILD\LETTER\LETTER\DEBUG\VC110.PDB
C:\GITHUB\LETTER_BUILD\LETTER_BUILD\LETTER\LETTER\DEBUG\ERRORHANDLER.OBJ
C:\GITHUB\LETTER_BUILD\LETTER_BUILD\LETTER\DEBUG\LETTER.ILK
C:\GITHUB\LETTER_BUILD\LETTER_BUILD\LETTER\DEBUG\LETTER.EXE
C:\GITHUB\LETTER_BUILD\LETTER_BUILD\LETTER\DEBUG\LETTER.PDB
C:\GITHUB\LETTER_BUILD\LETTER_BUILD\LETTER\LETTER\DEBUG\LETTER.RES
C:\Github\Letter_Build\Letter_Build\Letter\Letter\Debug\drawing.obj
C:\Github\Letter_Build\Letter_Build\Letter\Letter\Debug\errorHandler.obj
C:\Github\Letter_Build\Letter_Build\Letter\Letter\Debug\main.obj
C:\Github\Letter_Build\Letter_Build\Letter\Letter\Debug\cl.command.1.tlog
C:\Github\Letter_Build\Letter_Build\Letter\Letter\Debug\CL.read.1.tlog
C:\Github\Letter_Build\Letter_Build\Letter\Letter\Debug\CL.write.1.tlog
C:\Github\Letter_Build\Letter_Build\Letter\Letter\Debug\link-cvtres.read.1.tlog
C:\Github\Letter_Build\Letter_Build\Letter\Letter\Debug\link-cvtres.write.1.tlog
C:\Github\Letter_Build\Letter_Build\Letter\Letter\Debug\link-rc.read.1.tlog
C:\Github\Letter_Build\Letter_Build\Letter\Letter\Debug\link-rc.write.1.tlog
C:\Github\Letter_Build\Letter_Build\Letter\Letter\Debug\link.10304-cvtres.read.1.tlog
C:\Github\Letter_Build\Letter_Build\Letter\Letter\Debug\link.10304-cvtres.write.1.tlog
C:\Github\Letter_Build\Letter_Build\Letter\Letter\Debug\link.10304-rc.read.1.tlog
C:\Github\Letter_Build\Letter_Build\Letter\Letter\Debug\link.10304-rc.write.1.tlog
C:\Github\Letter_Build\Letter_Build\Letter\Letter\Debug\link.10304.read.1.tlog
C:\Github\Letter_Build\Letter_Build\Letter\Letter\Debug\link.10304.write.1.tlog
C:\Github\Letter_Build\Letter_Build\Letter\Letter\Debug\link.10508-cvtres.read.1.tlog
C:\Github\Letter_Build\Letter_Build\Letter\Letter\Debug\link.10508-cvtres.write.1.tlog
C:\Github\Letter_Build\Letter_Build\Letter\Letter\Debug\link.10508-rc.read.1.tlog
C:\Github\Letter_Build\Letter_Build\Letter\Letter\Debug\link.10508-rc.write.1.tlog
C:\Github\Letter_Build\Letter_Build\Letter\Letter\Debug\link.10508.read.1.tlog
C:\Github\Letter_Build\Letter_Build\Letter\Letter\Debug\link.10508.write.1.tlog
C:\Github\Letter_Build\Letter_Build\Letter\Letter\Debug\link.10880-cvtres.read.1.tlog
C:\Github\Letter_Build\Letter_Build\Letter\Letter\Debug\link.10880-cvtres.write.1.tlog
C:\Github\Letter_Build\Letter_Build\Letter\Letter\Debug\link.10880-rc.read.1.tlog
C:\Github\Letter_Build\Letter_Build\Letter\Letter\Debug\link.10880-rc.write.1.tlog
C:\Github\Letter_Build\Letter_Build\Letter\Letter\Debug\link.10880.read.1.tlog
C:\Github\Letter_Build\Letter_Build\Letter\Letter\Debug\link.10880.write.1.tlog
C:\Github\Letter_Build\Letter_Build\Letter\Letter\Debug\link.11392-cvtres.read.1.tlog
C:\Github\Letter_Build\Letter_Build\Letter\Letter\Debug\link.11392-cvtres.write.1.tlog
C:\Github\Letter_Build\Letter_Build\Letter\Letter\Debug\link.11392-rc.read.1.tlog
C:\Github\Letter_Build\Letter_Build\Letter\Letter\Debug\link.11392-rc.write.1.tlog
C:\Github\Letter_Build\Letter_Build\Letter\Letter\Debug\link.11392.read.1.tlog
C:\Github\Letter_Build\Letter_Build\Letter\Letter\Debug\link.11392.write.1.tlog
C:\Github\Letter_Build\Letter_Build\Letter\Letter\Debug\link.11452-cvtres.read.1.tlog
C:\Github\Letter_Build\Letter_Build\Letter\Letter\Debug\link.11452-cvtres.write.1.tlog
C:\Github\Letter_Build\Letter_Build\Letter\Letter\Debug\link.11452-rc.read.1.tlog
C:\Github\Letter_Build\Letter_Build\Letter\Letter\Debug\link.11452-rc.write.1.tlog
C:\Github\Letter_Build\Letter_Build\Letter\Letter\Debug\link.11452.read.1.tlog
C:\Github\Letter_Build\Letter_Build\Letter\Letter\Debug\link.11452.write.1.tlog
C:\Github\Letter_Build\Letter_Build\Letter\Letter\Debug\link.11660-cvtres.read.1.tlog
C:\Github\Letter_Build\Letter_Build\Letter\Letter\Debug\link.11660-cvtres.write.1.tlog
C:\Github\Letter_Build\Letter_Build\Letter\Letter\Debug\link.11660-rc.read.1.tlog
C:\Github\Letter_Build\Letter_Build\Letter\Letter\Debug\link.11660-rc.write.1.tlog
C:\Github\Letter_Build\Letter_Build\Letter\Letter\Debug\link.11660.read.1.tlog
C:\Github\Letter_Build\Letter_Build\Letter\Letter\Debug\link.11660.write.1.tlog
C:\Github\Letter_Build\Letter_Build\Letter\Letter\Debug\link.11952-cvtres.read.1.tlog
C:\Github\Letter_Build\Letter_Build\Letter\Letter\Debug\link.11952-cvtres.write.1.tlog
C:\Github\Letter_Build\Letter_Build\Letter\Letter\Debug\link.11952-rc.read.1.tlog
C:\Github\Letter_Build\Letter_Build\Letter\Letter\Debug\link.11952-rc.write.1.tlog
C:\Github\Letter_Build\Letter_Build\Letter\Letter\Debug\link.11952.read.1.tlog
C:\Github\Letter_Build\Letter_Build\Letter\Letter\Debug\link.11952.write.1.tlog
C:\Github\Letter_Build\Letter_Build\Letter\Letter\Debug\link.12720-cvtres.read.1.tlog
C:\Github\Letter_Build\Letter_Build\Letter\Letter\Debug\link.12720-cvtres.write.1.tlog
C:\Github\Letter_Build\Letter_Build\Letter\Letter\Debug\link.12720-rc.read.1.tlog
C:\Github\Letter_Build\Letter_Build\Letter\Letter\Debug\link.12720-rc.write.1.tlog
C:\Github\Letter_Build\Letter_Build\Letter\Letter\Debug\link.12720.read.1.tlog
C:\Github\Letter_Build\Letter_Build\Letter\Letter\Debug\link.12720.write.1.tlog
C:\Github\Letter_Build\Letter_Build\Letter\Letter\Debug\link.13192-cvtres.read.1.tlog
C:\Github\Letter_Build\Letter_Build\Letter\Letter\Debug\link.13192-cvtres.write.1.tlog
C:\Github\Letter_Build\Letter_Build\Letter\Letter\Debug\link.13192-rc.read.1.tlog
C:\Github\Letter_Build\Letter_Build\Letter\Letter\Debug\link.13192-rc.write.1.tlog
C:\Github\Letter_Build\Letter_Build\Letter\Letter\Debug\link.13192.read.1.tlog
C:\Github\Letter_Build\Letter_Build\Letter\Letter\Debug\link.13192.write.1.tlog
C:\Github\Letter_Build\Letter_Build\Letter\Letter\Debug\link.13232-cvtres.read.1.tlog
C:\Github\Letter_Build\Letter_Build\Letter\Letter\Debug\link.13232-cvtres.write.1.tlog
C:\Github\Letter_Build\Letter_Build\Letter\Letter\Debug\link.13232-rc.read.1.tlog
C:\Github\Letter_Build\Letter_Build\Letter\Letter\Debug\link.13232-rc.write.1.tlog
C:\Github\Letter_Build\Letter_Build\Letter\Letter\Debug\link.13232.read.1.tlog
C:\Github\Letter_Build\Letter_Build\Letter\Letter\Debug\link.13232.write.1.tlog
C:\Github\Letter_Build\Letter_Build\Letter\Letter\Debug\link.13896-cvtres.read.1.tlog
C:\Github\Letter_Build\Letter_Build\Letter\Letter\Debug\link.13896-cvtres.write.1.tlog
C:\Github\Letter_Build\Letter_Build\Letter\Letter\Debug\link.13896-rc.read.1.tlog
C:\Github\Letter_Build\Letter_Build\Letter\Letter\Debug\link.13896-rc.write.1.tlog
C:\Github\Letter_Build\Letter_Build\Letter\Letter\Debug\link.13896.read.1.tlog
C:\Github\Letter_Build\Letter_Build\Letter\Letter\Debug\link.13896.write.1.tlog
C:\Github\Letter_Build\Letter_Build\Letter\Letter\Debug\link.13924-cvtres.read.1.tlog
C:\Github\Letter_Build\Letter_Build\Letter\Letter\Debug\link.13924-cvtres.write.1.tlog
C:\Github\Letter_Build\Letter_Build\Letter\Letter\Debug\link.13924-rc.read.1.tlog
C:\Github\Letter_Build\Letter_Build\Letter\Letter\Debug\link.13924-rc.write.1.tlog
C:\Github\Letter_Build\Letter_Build\Letter\Letter\Debug\link.13924.read.1.tlog
C:\Github\Letter_Build\Letter_Build\Letter\Letter\Debug\link.13924.write.1.tlog
C:\Github\Letter_Build\Letter_Build\Letter\Letter\Debug\link.14676-cvtres.read.1.tlog
C:\Github\Letter_Build\Letter_Build\Letter\Letter\Debug\link.14676-cvtres.write.1.tlog
C:\Github\Letter_Build\Letter_Build\Letter\Letter\Debug\link.14676-rc.read.1.tlog
C:\Github\Letter_Build\Letter_Build\Letter\Letter\Debug\link.14676-rc.write.1.tlog
C:\Github\Letter_Build\Letter_Build\Letter\Letter\Debug\link.14676.read.1.tlog
C:\Github\Letter_Build\Letter_Build\Letter\Letter\Debug\link.14676.write.1.tlog
C:\Github\Letter_Build\Letter_Build\Letter\Letter\Debug\link.15180-cvtres.read.1.tlog
C:\Github\Letter_Build\Letter_Build\Letter\Letter\Debug\link.15180-cvtres.write.1.tlog
C:\Github\Letter_Build\Letter_Build\Letter\Letter\Debug\link.15180-rc.read.1.tlog
C:\Github\Letter_Build\Letter_Build\Letter\Letter\Debug\link.15180-rc.write.1.tlog
C:\Github\Letter_Build\Letter_Build\Letter\Letter\Debug\link.15180.read.1.tlog
C:\Github\Letter_Build\Letter_Build\Letter\Letter\Debug\link.15180.write.1.tlog
C:\Github\Letter_Build\Letter_Build\Letter\Letter\Debug\link.15648-cvtres.read.1.tlog
C:\Github\Letter_Build\Letter_Build\Letter\Letter\Debug\link.15648-cvtres.write.1.tlog
C:\Github\Letter_Build\Letter_Build\Letter\Letter\Debug\link.15648-rc.read.1.tlog
C:\Github\Letter_Build\Letter_Build\Letter\Letter\Debug\link.15648-rc.write.1.tlog
C:\Github\Letter_Build\Letter_Build\Letter\Letter\Debug\link.15648.read.1.tlog
C:\Github\Letter_Build\Letter_Build\Letter\Letter\Debug\link.15648.write.1.tlog
C:\Github\Letter_Build\Letter_Build\Letter\Letter\Debug\link.15700-cvtres.read.1.tlog
C:\Github\Letter_Build\Letter_Build\Letter\Letter\Debug\link.15700-cvtres.write.1.tlog
C:\Github\Letter_Build\Letter_Build\Letter\Letter\Debug\link.15700-rc.read.1.tlog
C:\Github\Letter_Build\Letter_Build\Letter\Letter\Debug\link.15700-rc.write.1.tlog
C:\Github\Letter_Build\Letter_Build\Letter\Letter\Debug\link.15700.read.1.tlog
C:\Github\Letter_Build\Letter_Build\Letter\Letter\Debug\link.15700.write.1.tlog
C:\Github\Letter_Build\Letter_Build\Letter\Letter\Debug\link.16372-cvtres.read.1.tlog
C:\Github\Letter_Build\Letter_Build\Letter\Letter\Debug\link.16372-cvtres.write.1.tlog
C:\Github\Letter_Build\Letter_Build\Letter\Letter\Debug\link.16372-rc.read.1.tlog
C:\Github\Letter_Build\Letter_Build\Letter\Letter\Debug\link.16372-rc.write.1.tlog
C:\Github\Letter_Build\Letter_Build\Letter\Letter\Debug\link.16372.read.1.tlog
C:\Github\Letter_Build\Letter_Build\Letter\Letter\Debug\link.16372.write.1.tlog
C:\Github\Letter_Build\Letter_Build\Letter\Letter\Debug\link.18120-cvtres.read.1.tlog
C:\Github\Letter_Build\Letter_Build\Letter\Letter\Debug\link.18120-cvtres.write.1.tlog
C:\Github\Letter_Build\Letter_Build\Letter\Letter\Debug\link.18120-rc.read.1.tlog
C:\Github\Letter_Build\Letter_Build\Letter\Letter\Debug\link.18120-rc.write.1.tlog
C:\Github\Letter_Build\Letter_Build\Letter\Letter\Debug\link.18120.read.1.tlog
C:\Github\Letter_Build\Letter_Build\Letter\Letter\Debug\link.18120.write.1.tlog
C:\Github\Letter_Build\Letter_Build\Letter\Letter\Debug\link.3308-cvtres.read.1.tlog
C:\Github\Letter_Build\Letter_Build\Letter\Letter\Debug\link.3308-cvtres.write.1.tlog
C:\Github\Letter_Build\Letter_Build\Letter\Letter\Debug\link.3308-rc.read.1.tlog
C:\Github\Letter_Build\Letter_Build\Letter\Letter\Debug\link.3308-rc.write.1.tlog
C:\Github\Letter_Build\Letter_Build\Letter\Letter\Debug\link.3308.read.1.tlog
C:\Github\Letter_Build\Letter_Build\Letter\Letter\Debug\link.3308.write.1.tlog
C:\Github\Letter_Build\Letter_Build\Letter\Letter\Debug\link.4284-cvtres.read.1.tlog
C:\Github\Letter_Build\Letter_Build\Letter\Letter\Debug\link.4284-cvtres.write.1.tlog
C:\Github\Letter_Build\Letter_Build\Letter\Letter\Debug\link.4284-rc.read.1.tlog
C:\Github\Letter_Build\Letter_Build\Letter\Letter\Debug\link.4284-rc.write.1.tlog
C:\Github\Letter_Build\Letter_Build\Letter\Letter\Debug\link.4284.read.1.tlog
C:\Github\Letter_Build\Letter_Build\Letter\Letter\Debug\link.4284.write.1.tlog
C:\Github\Letter_Build\Letter_Build\Letter\Letter\Debug\link.4932-cvtres.read.1.tlog
C:\Github\Letter_Build\Letter_Build\Letter\Letter\Debug\link.4932-cvtres.write.1.tlog
C:\Github\Letter_Build\Letter_Build\Letter\Letter\Debug\link.4932-rc.read.1.tlog
C:\Github\Letter_Build\Letter_Build\Letter\Letter\Debug\link.4932-rc.write.1.tlog
C:\Github\Letter_Build\Letter_Build\Letter\Letter\Debug\link.4932.read.1.tlog
C:\Github\Letter_Build\Letter_Build\Letter\Letter\Debug\link.4932.write.1.tlog
C:\Github\Letter_Build\Letter_Build\Letter\Letter\Debug\link.6344-cvtres.read.1.tlog
C:\Github\Letter_Build\Letter_Build\Letter\Letter\Debug\link.6344-cvtres.write.1.tlog
C:\Github\Letter_Build\Letter_Build\Letter\Letter\Debug\link.6344-rc.read.1.tlog
C:\Github\Letter_Build\Letter_Build\Letter\Letter\Debug\link.6344-rc.write.1.tlog
C:\Github\Letter_Build\Letter_Build\Letter\Letter\Debug\link.6344.read.1.tlog
C:\Github\Letter_Build\Letter_Build\Letter\Letter\Debug\link.6344.write.1.tlog
C:\Github\Letter_Build\Letter_Build\Letter\Letter\Debug\link.6756-cvtres.read.1.tlog
C:\Github\Letter_Build\Letter_Build\Letter\Letter\Debug\link.6756-cvtres.write.1.tlog
C:\Github\Letter_Build\Letter_Build\Letter\Letter\Debug\link.6756-rc.read.1.tlog
C:\Github\Letter_Build\Letter_Build\Letter\Letter\Debug\link.6756-rc.write.1.tlog
C:\Github\Letter_Build\Letter_Build\Letter\Letter\Debug\link.6756.read.1.tlog
C:\Github\Letter_Build\Letter_Build\Letter\Letter\Debug\link.6756.write.1.tlog
C:\Github\Letter_Build\Letter_Build\Letter\Letter\Debug\link.6820-cvtres.read.1.tlog
C:\Github\Letter_Build\Letter_Build\Letter\Letter\Debug\link.6820-cvtres.write.1.tlog
C:\Github\Letter_Build\Letter_Build\Letter\Letter\Debug\link.6820-rc.read.1.tlog
C:\Github\Letter_Build\Letter_Build\Letter\Letter\Debug\link.6820-rc.write.1.tlog
C:\Github\Letter_Build\Letter_Build\Letter\Letter\Debug\link.6820.read.1.tlog
C:\Github\Letter_Build\Letter_Build\Letter\Letter\Debug\link.6820.write.1.tlog
C:\Github\Letter_Build\Letter_Build\Letter\Letter\Debug\link.7664-cvtres.read.1.tlog
C:\Github\Letter_Build\Letter_Build\Letter\Letter\Debug\link.7664-cvtres.write.1.tlog
C:\Github\Letter_Build\Letter_Build\Letter\Letter\Debug\link.7664-rc.read.1.tlog
C:\Github\Letter_Build\Letter_Build\Letter\Letter\Debug\link.7664-rc.write.1.tlog
C:\Github\Letter_Build\Letter_Build\Letter\Letter\Debug\link.7664.read.1.tlog
C:\Github\Letter_Build\Letter_Build\Letter\Letter\Debug\link.7664.write.1.tlog
C:\Github\Letter_Build\Letter_Build\Letter\Letter\Debug\link.7812-cvtres.read.1.tlog
C:\Github\Letter_Build\Letter_Build\Letter\Letter\Debug\link.7812-cvtres.write.1.tlog
C:\Github\Letter_Build\Letter_Build\Letter\Letter\Debug\link.7812-rc.read.1.tlog
C:\Github\Letter_Build\Letter_Build\Letter\Letter\Debug\link.7812-rc.write.1.tlog
C:\Github\Letter_Build\Letter_Build\Letter\Letter\Debug\link.7812.read.1.tlog
C:\Github\Letter_Build\Letter_Build\Letter\Letter\Debug\link.7812.write.1.tlog
C:\Github\Letter_Build\Letter_Build\Letter\Letter\Debug\link.7932-cvtres.read.1.tlog
C:\Github\Letter_Build\Letter_Build\Letter\Letter\Debug\link.7932-cvtres.write.1.tlog
C:\Github\Letter_Build\Letter_Build\Letter\Letter\Debug\link.7932-rc.read.1.tlog
C:\Github\Letter_Build\Letter_Build\Letter\Letter\Debug\link.7932-rc.write.1.tlog
C:\Github\Letter_Build\Letter_Build\Letter\Letter\Debug\link.7932.read.1.tlog
C:\Github\Letter_Build\Letter_Build\Letter\Letter\Debug\link.7932.write.1.tlog
C:\Github\Letter_Build\Letter_Build\Letter\Letter\Debug\link.8308-cvtres.read.1.tlog
C:\Github\Letter_Build\Letter_Build\Letter\Letter\Debug\link.8308-cvtres.write.1.tlog
C:\Github\Letter_Build\Letter_Build\Letter\Letter\Debug\link.8308-rc.read.1.tlog
C:\Github\Letter_Build\Letter_Build\Letter\Letter\Debug\link.8308-rc.write.1.tlog
C:\Github\Letter_Build\Letter_Build\Letter\Letter\Debug\link.8308.read.1.tlog
C:\Github\Letter_Build\Letter_Build\Letter\Letter\Debug\link.8308.write.1.tlog
C:\Github\Letter_Build\Letter_Build\Letter\Letter\Debug\link.9812-cvtres.read.1.tlog
C:\Github\Letter_Build\Letter_Build\Letter\Letter\Debug\link.9812-cvtres.write.1.tlog
C:\Github\Letter_Build\Letter_Build\Letter\Letter\Debug\link.9812-rc.read.1.tlog
C:\Github\Letter_Build\Letter_Build\Letter\Letter\Debug\link.9812-rc.write.1.tlog
C:\Github\Letter_Build\Letter_Build\Letter\Letter\Debug\link.9812.read.1.tlog
C:\Github\Letter_Build\Letter_Build\Letter\Letter\Debug\link.9812.write.1.tlog
C:\Github\Letter_Build\Letter_Build\Letter\Letter\Debug\link.command.1.tlog
C:\Github\Letter_Build\Letter_Build\Letter\Letter\Debug\link.read.1.tlog
C:\Github\Letter_Build\Letter_Build\Letter\Letter\Debug\link.write.1.tlog
C:\Github\Letter_Build\Letter_Build\Letter\Letter\Debug\rc.command.1.tlog
C:\Github\Letter_Build\Letter_Build\Letter\Letter\Debug\rc.read.1.tlog
C:\Github\Letter_Build\Letter_Build\Letter\Letter\Debug\rc.write.1.tlog
C:\Github\Letter_Build\Letter_Build\Letter\Letter\Debug\Letter.res
C:\Github\Letter_Build\Letter_Build\Letter\Letter\Debug\vc110.idb
C:\Github\Letter_Build\Letter_Build\Letter\Letter\Debug\vc110.pdb
C:\Github\Letter_Build\Letter_Build\Letter\Debug\Letter.pdb
C:\Github\Letter_Build\Letter_Build\Letter\Debug\Letter.exe
C:\Github\Letter_Build\Letter_Build\Letter\Debug\Letter.ilk
